<?xml version="1.0" encoding="UTF-8"?>
<!-- Generated by org.testng.reporters.JUnitXMLReporter -->
<testsuite ignored="0" hostname="DESKTOP-GKRI4LO" failures="1" tests="1" name="SingleTest" time="9.629" errors="0" timestamp="2025-10-03T14:55:10 IDT">
  <testcase classname="com.harel.TravelPolicyTest" name="travelInsuranceFirstTimeTest" time="5.461">
    <failure type="java.lang.RuntimeException" message="Cannot click element: By.xpath: //div[@class=&amp;apos;jss180&amp;apos;]//div[@data-hrl-bo=&amp;apos;asia&amp;apos;]">
      <![CDATA[java.lang.RuntimeException: Cannot click element: By.xpath: //div[@class='jss180']//div[@data-hrl-bo='asia']
at com.harel.utils.ElementUtils.clickElement(ElementUtils.java:76)
at com.harel.TravelPolicyTest.travelInsuranceFirstTimeTest(TravelPolicyTest.java:42)
at java.base/java.util.ArrayList.forEach(ArrayList.java:1511)
Caused by: org.openqa.selenium.TimeoutException: Expected condition failed: waiting for element to be clickable: By.xpath: //div[@class='jss180']//div[@data-hrl-bo='asia'] (tried for 5 second(s) with 500 milliseconds interval)
Build info: version: '4.23.0', revision: '4df0a231af'
System info: os.name: 'Windows 10', os.arch: 'amd64', os.version: '10.0', java.version: '17.0.12'
Driver info: org.openqa.selenium.chrome.ChromeDriver
Capabilities {acceptInsecureCerts: false, browserName: chrome, browserVersion: 141.0.7390.55, chrome: {chromedriverVersion: 141.0.7390.54 (b95610d5c4a5..., userDataDir: C:\Users\tamar\AppData\Loca...}, fedcm:accounts: true, goog:chromeOptions: {debuggerAddress: localhost:53802}, networkConnectionEnabled: false, pageLoadStrategy: normal, platformName: windows, proxy: Proxy(), se:cdp: ws://localhost:53802/devtoo..., se:cdpVersion: 141.0.7390.55, setWindowRect: true, strictFileInteractability: false, timeouts: {implicit: 0, pageLoad: 300000, script: 30000}, unhandledPromptBehavior: dismiss and notify, webauthn:extension:credBlob: true, webauthn:extension:largeBlob: true, webauthn:extension:minPinLength: true, webauthn:extension:prf: true, webauthn:virtualAuthenticators: true}
Session ID: 031a7b50640e819dff3466409a3f6980
at org.openqa.selenium.support.ui.WebDriverWait.timeoutException(WebDriverWait.java:84)
at org.openqa.selenium.support.ui.FluentWait.until(FluentWait.java:228)
at com.harel.utils.ElementUtils.clickElement(ElementUtils.java:64)
... 33 more
... Removed 31 stack frames]]>
    </failure>
  </testcase> <!-- travelInsuranceFirstTimeTest -->
</testsuite> <!-- SingleTest -->
